The system is: Darwin - 20.2.0 - x86_64
Compiling the C compiler identification source file "CMakeCCompilerId.c" succeeded.
Compiler: /opt/homebrew/bin/gcc-11 
Build flags: 
Id flags: -c 

The output was:
0


Compilation of the C compiler identification source "CMakeCCompilerId.c" produced "CMakeCCompilerId.o"

The C compiler identification is GNU, found in "/Users/victorefrim/Documents/facial-recognition/build/CMakeFiles/3.21.3/CompilerIdC/CMakeCCompilerId.o"

Compiling the CXX compiler identification source file "CMakeCXXCompilerId.cpp" succeeded.
Compiler: /opt/homebrew/bin/g++-11 
Build flags: 
Id flags: -c 

The output was:
0


Compilation of the CXX compiler identification source "CMakeCXXCompilerId.cpp" produced "CMakeCXXCompilerId.o"

The CXX compiler identification is GNU, found in "/Users/victorefrim/Documents/facial-recognition/build/CMakeFiles/3.21.3/CompilerIdCXX/CMakeCXXCompilerId.o"

Detecting C compiler ABI info compiled with the following output:
Change Dir: /Users/victorefrim/Documents/facial-recognition/build/CMakeFiles/CMakeTmp

Run Build Command(s):/usr/bin/make -f Makefile cmTC_3d361/fast && /Applications/Xcode.app/Contents/Developer/usr/bin/make  -f CMakeFiles/cmTC_3d361.dir/build.make CMakeFiles/cmTC_3d361.dir/build
Building C object CMakeFiles/cmTC_3d361.dir/CMakeCCompilerABI.c.o
/opt/homebrew/bin/gcc-11   -arch x86_64 -isysroot /Applications/Xcode.app/Contents/Developer/Platforms/MacOSX.platform/Developer/SDKs/MacOSX11.3.sdk -mmacosx-version-min=11.1   -v -Wl,-v -o CMakeFiles/cmTC_3d361.dir/CMakeCCompilerABI.c.o -c /opt/homebrew/Cellar/cmake/3.21.3_1/share/cmake/Modules/CMakeCCompilerABI.c
gcc-11: warning: this compiler does not support X86 (arch flags ignored)
Using built-in specs.
COLLECT_GCC=/opt/homebrew/bin/gcc-11
Target: aarch64-apple-darwin20
Configured with: ../configure --prefix=/opt/homebrew/opt/gcc --libdir=/opt/homebrew/opt/gcc/lib/gcc/11 --disable-nls --enable-checking=release --with-gcc-major-version-only --enable-languages=c,c++,objc,obj-c++,fortran --program-suffix=-11 --with-gmp=/opt/homebrew/opt/gmp --with-mpfr=/opt/homebrew/opt/mpfr --with-mpc=/opt/homebrew/opt/libmpc --with-isl=/opt/homebrew/opt/isl --with-zstd=/opt/homebrew/opt/zstd --with-pkgversion='Homebrew GCC 11.2.0_3' --with-bugurl=https://github.com/Homebrew/homebrew-core/issues --build=aarch64-apple-darwin20 --with-system-zlib --with-native-system-header-dir=/usr/include --with-sysroot=/Library/Developer/CommandLineTools/SDKs/MacOSX11.sdk
Thread model: posix
Supported LTO compression algorithms: zlib zstd
gcc version 11.2.0 (Homebrew GCC 11.2.0_3) 
COLLECT_GCC_OPTIONS='-isysroot' '/Applications/Xcode.app/Contents/Developer/Platforms/MacOSX.platform/Developer/SDKs/MacOSX11.3.sdk' '-v' '-o' 'CMakeFiles/cmTC_3d361.dir/CMakeCCompilerABI.c.o' '-c' '-mmacosx-version-min=11.1' '-asm_macosx_version_min=11.1' '-mlittle-endian' '-mabi=lp64' '-dumpdir' 'CMakeFiles/cmTC_3d361.dir/'
 /opt/homebrew/Cellar/gcc/11.2.0_3/bin/../libexec/gcc/aarch64-apple-darwin20/11/cc1 -quiet -v -iprefix /opt/homebrew/Cellar/gcc/11.2.0_3/bin/../lib/gcc/11/gcc/aarch64-apple-darwin20/11/ -D__DYNAMIC__ -isysroot /Applications/Xcode.app/Contents/Developer/Platforms/MacOSX.platform/Developer/SDKs/MacOSX11.3.sdk /opt/homebrew/Cellar/cmake/3.21.3_1/share/cmake/Modules/CMakeCCompilerABI.c -fPIC -quiet -dumpdir CMakeFiles/cmTC_3d361.dir/ -dumpbase CMakeCCompilerABI.c.c -dumpbase-ext .c -mmacosx-version-min=11.1 -mlittle-endian -mabi=lp64 -version -o /var/folders/02/9jwrv6b13h15rpfxc_700w6m0000gn/T//cci4Nsz8.s
GNU C17 (Homebrew GCC 11.2.0_3) version 11.2.0 (aarch64-apple-darwin20)
	compiled by GNU C version 11.2.0, GMP version 6.2.1, MPFR version 4.1.0, MPC version 1.2.1, isl version isl-0.24-GMP

GGC heuristics: --param ggc-min-expand=100 --param ggc-min-heapsize=131072
ignoring nonexistent directory "/opt/homebrew/Cellar/gcc/11.2.0_3/bin/../lib/gcc/11/gcc/aarch64-apple-darwin20/11/../../../../../../aarch64-apple-darwin20/include"
ignoring duplicate directory "/opt/homebrew/Cellar/gcc/11.2.0_3/bin/../lib/gcc/11/gcc/../../../../lib/gcc/11/gcc/aarch64-apple-darwin20/11/include"
ignoring nonexistent directory "/Applications/Xcode.app/Contents/Developer/Platforms/MacOSX.platform/Developer/SDKs/MacOSX11.3.sdk/usr/local/include"
ignoring duplicate directory "/opt/homebrew/Cellar/gcc/11.2.0_3/bin/../lib/gcc/11/gcc/../../../../lib/gcc/11/gcc/aarch64-apple-darwin20/11/include-fixed"
ignoring nonexistent directory "/opt/homebrew/Cellar/gcc/11.2.0_3/bin/../lib/gcc/11/gcc/../../../../lib/gcc/11/gcc/aarch64-apple-darwin20/11/../../../../../../aarch64-apple-darwin20/include"
ignoring nonexistent directory "/Applications/Xcode.app/Contents/Developer/Platforms/MacOSX.platform/Developer/SDKs/MacOSX11.3.sdk/Library/Frameworks"
#include "..." search starts here:
#include <...> search starts here:
 /opt/homebrew/Cellar/gcc/11.2.0_3/bin/../lib/gcc/11/gcc/aarch64-apple-darwin20/11/include
 /opt/homebrew/Cellar/gcc/11.2.0_3/bin/../lib/gcc/11/gcc/aarch64-apple-darwin20/11/include-fixed
 /Applications/Xcode.app/Contents/Developer/Platforms/MacOSX.platform/Developer/SDKs/MacOSX11.3.sdk/usr/include
 /Applications/Xcode.app/Contents/Developer/Platforms/MacOSX.platform/Developer/SDKs/MacOSX11.3.sdk/System/Library/Frameworks
End of search list.
GNU C17 (Homebrew GCC 11.2.0_3) version 11.2.0 (aarch64-apple-darwin20)
	compiled by GNU C version 11.2.0, GMP version 6.2.1, MPFR version 4.1.0, MPC version 1.2.1, isl version isl-0.24-GMP

GGC heuristics: --param ggc-min-expand=100 --param ggc-min-heapsize=131072
Compiler executable checksum: 56880702965dab4a8e9d0229c6511ad1
COLLECT_GCC_OPTIONS='-isysroot' '/Applications/Xcode.app/Contents/Developer/Platforms/MacOSX.platform/Developer/SDKs/MacOSX11.3.sdk' '-v' '-o' 'CMakeFiles/cmTC_3d361.dir/CMakeCCompilerABI.c.o' '-c' '-mmacosx-version-min=11.1'  '-mlittle-endian' '-mabi=lp64' '-dumpdir' 'CMakeFiles/cmTC_3d361.dir/'
 as -arch arm64 -v -mmacosx-version-min=11.1 -o CMakeFiles/cmTC_3d361.dir/CMakeCCompilerABI.c.o /var/folders/02/9jwrv6b13h15rpfxc_700w6m0000gn/T//cci4Nsz8.s
Apple clang version 12.0.5 (clang-1205.0.22.11)
Target: aarch64-apple-darwin20.2.0
Thread model: posix
InstalledDir: /Applications/Xcode.app/Contents/Developer/Toolchains/XcodeDefault.xctoolchain/usr/bin
 "/Applications/Xcode.app/Contents/Developer/Toolchains/XcodeDefault.xctoolchain/usr/bin/clang" -cc1as -triple arm64-apple-macosx11.1.0 -filetype obj -main-file-name cci4Nsz8.s -target-cpu apple-a12 -target-feature +v8.3a -target-feature +fp-armv8 -target-feature +neon -target-feature +crc -target-feature +crypto -target-feature +fullfp16 -target-feature +ras -target-feature +lse -target-feature +rdm -target-feature +rcpc -target-feature +zcm -target-feature +zcz -target-feature +sha2 -target-feature +aes -fdebug-compilation-dir /Users/victorefrim/Documents/facial-recognition/build/CMakeFiles/CMakeTmp -dwarf-debug-producer "Apple clang version 12.0.5 (clang-1205.0.22.11)" -dwarf-version=4 -mrelocation-model pic -mllvm -disable-aligned-alloc-awareness=1 -o CMakeFiles/cmTC_3d361.dir/CMakeCCompilerABI.c.o /var/folders/02/9jwrv6b13h15rpfxc_700w6m0000gn/T//cci4Nsz8.s
COMPILER_PATH=/opt/homebrew/Cellar/gcc/11.2.0_3/bin/../libexec/gcc/aarch64-apple-darwin20/11/:/opt/homebrew/Cellar/gcc/11.2.0_3/bin/../libexec/gcc/
LIBRARY_PATH=/opt/homebrew/Cellar/gcc/11.2.0_3/bin/../lib/gcc/11/gcc/aarch64-apple-darwin20/11/:/opt/homebrew/Cellar/gcc/11.2.0_3/bin/../lib/gcc/11/gcc/:/opt/homebrew/Cellar/gcc/11.2.0_3/bin/../lib/gcc/11/gcc/aarch64-apple-darwin20/11/../../../
COLLECT_GCC_OPTIONS='-isysroot' '/Applications/Xcode.app/Contents/Developer/Platforms/MacOSX.platform/Developer/SDKs/MacOSX11.3.sdk' '-v' '-o' 'CMakeFiles/cmTC_3d361.dir/CMakeCCompilerABI.c.o' '-c' '-mmacosx-version-min=11.1'  '-mlittle-endian' '-mabi=lp64' '-dumpdir' 'CMakeFiles/cmTC_3d361.dir/CMakeCCompilerABI.c.'
Linking C executable cmTC_3d361
/opt/homebrew/Cellar/cmake/3.21.3_1/bin/cmake -E cmake_link_script CMakeFiles/cmTC_3d361.dir/link.txt --verbose=1
/opt/homebrew/bin/gcc-11  -arch x86_64 -isysroot /Applications/Xcode.app/Contents/Developer/Platforms/MacOSX.platform/Developer/SDKs/MacOSX11.3.sdk -mmacosx-version-min=11.1 -Wl,-search_paths_first -Wl,-headerpad_max_install_names  -v -Wl,-v CMakeFiles/cmTC_3d361.dir/CMakeCCompilerABI.c.o -o cmTC_3d361 
gcc-11: warning: this compiler does not support X86 (arch flags ignored)
Using built-in specs.
COLLECT_GCC=/opt/homebrew/bin/gcc-11
COLLECT_LTO_WRAPPER=/opt/homebrew/Cellar/gcc/11.2.0_3/bin/../libexec/gcc/aarch64-apple-darwin20/11/lto-wrapper
Target: aarch64-apple-darwin20
Configured with: ../configure --prefix=/opt/homebrew/opt/gcc --libdir=/opt/homebrew/opt/gcc/lib/gcc/11 --disable-nls --enable-checking=release --with-gcc-major-version-only --enable-languages=c,c++,objc,obj-c++,fortran --program-suffix=-11 --with-gmp=/opt/homebrew/opt/gmp --with-mpfr=/opt/homebrew/opt/mpfr --with-mpc=/opt/homebrew/opt/libmpc --with-isl=/opt/homebrew/opt/isl --with-zstd=/opt/homebrew/opt/zstd --with-pkgversion='Homebrew GCC 11.2.0_3' --with-bugurl=https://github.com/Homebrew/homebrew-core/issues --build=aarch64-apple-darwin20 --with-system-zlib --with-native-system-header-dir=/usr/include --with-sysroot=/Library/Developer/CommandLineTools/SDKs/MacOSX11.sdk
Thread model: posix
Supported LTO compression algorithms: zlib zstd
gcc version 11.2.0 (Homebrew GCC 11.2.0_3) 
COMPILER_PATH=/opt/homebrew/Cellar/gcc/11.2.0_3/bin/../libexec/gcc/aarch64-apple-darwin20/11/:/opt/homebrew/Cellar/gcc/11.2.0_3/bin/../libexec/gcc/
LIBRARY_PATH=/opt/homebrew/Cellar/gcc/11.2.0_3/bin/../lib/gcc/11/gcc/aarch64-apple-darwin20/11/:/opt/homebrew/Cellar/gcc/11.2.0_3/bin/../lib/gcc/11/gcc/:/opt/homebrew/Cellar/gcc/11.2.0_3/bin/../lib/gcc/11/gcc/aarch64-apple-darwin20/11/../../../
COLLECT_GCC_OPTIONS='-isysroot' '/Applications/Xcode.app/Contents/Developer/Platforms/MacOSX.platform/Developer/SDKs/MacOSX11.3.sdk' '-v' '-o' 'cmTC_3d361' '-mmacosx-version-min=11.1' '-asm_macosx_version_min=11.1' '-mlittle-endian' '-mabi=lp64' '-dumpdir' 'cmTC_3d361.'
 /opt/homebrew/Cellar/gcc/11.2.0_3/bin/../libexec/gcc/aarch64-apple-darwin20/11/collect2 -dynamic -arch arm64 -macosx_version_min 11.1 -syslibroot /Applications/Xcode.app/Contents/Developer/Platforms/MacOSX.platform/Developer/SDKs/MacOSX11.3.sdk -weak_reference_mismatches non-weak -o cmTC_3d361 -L/opt/homebrew/Cellar/gcc/11.2.0_3/bin/../lib/gcc/11/gcc/aarch64-apple-darwin20/11 -L/opt/homebrew/Cellar/gcc/11.2.0_3/bin/../lib/gcc/11/gcc -L/opt/homebrew/Cellar/gcc/11.2.0_3/bin/../lib/gcc/11/gcc/aarch64-apple-darwin20/11/../../.. -search_paths_first -headerpad_max_install_names -v CMakeFiles/cmTC_3d361.dir/CMakeCCompilerABI.c.o -lgcc_s.1.1 -lgcc -lSystem -lgcc -no_compact_unwind -rpath @loader_path -rpath /opt/homebrew/Cellar/gcc/11.2.0_3/bin/../lib/gcc/11/gcc/aarch64-apple-darwin20/11 -rpath /opt/homebrew/Cellar/gcc/11.2.0_3/bin/../lib/gcc/11/gcc -rpath /opt/homebrew/Cellar/gcc/11.2.0_3/bin/../lib/gcc/11/gcc/aarch64-apple-darwin20/11/../../.. -v
collect2 version 11.2.0
/usr/bin/ld -dynamic -arch arm64 -macosx_version_min 11.1 -syslibroot /Applications/Xcode.app/Contents/Developer/Platforms/MacOSX.platform/Developer/SDKs/MacOSX11.3.sdk -weak_reference_mismatches non-weak -o cmTC_3d361 -L/opt/homebrew/Cellar/gcc/11.2.0_3/bin/../lib/gcc/11/gcc/aarch64-apple-darwin20/11 -L/opt/homebrew/Cellar/gcc/11.2.0_3/bin/../lib/gcc/11/gcc -L/opt/homebrew/Cellar/gcc/11.2.0_3/bin/../lib/gcc/11/gcc/aarch64-apple-darwin20/11/../../.. -search_paths_first -headerpad_max_install_names -v CMakeFiles/cmTC_3d361.dir/CMakeCCompilerABI.c.o -lgcc_s.1.1 -lgcc -lSystem -lgcc -no_compact_unwind -rpath @loader_path -rpath /opt/homebrew/Cellar/gcc/11.2.0_3/bin/../lib/gcc/11/gcc/aarch64-apple-darwin20/11 -rpath /opt/homebrew/Cellar/gcc/11.2.0_3/bin/../lib/gcc/11/gcc -rpath /opt/homebrew/Cellar/gcc/11.2.0_3/bin/../lib/gcc/11/gcc/aarch64-apple-darwin20/11/../../.. -v
@(#)PROGRAM:ld  PROJECT:ld64-650.9
BUILD 13:09:02 May 28 2021
configured to support archs: armv6 armv7 armv7s arm64 arm64e arm64_32 i386 x86_64 x86_64h armv6m armv7k armv7m armv7em
@(#)PROGRAM:ld  PROJECT:ld64-650.9
BUILD 13:09:02 May 28 2021
configured to support archs: armv6 armv7 armv7s arm64 arm64e arm64_32 i386 x86_64 x86_64h armv6m armv7k armv7m armv7em
Library search paths:
	/opt/homebrew/Cellar/gcc/11.2.0_3/lib/gcc/11/gcc/aarch64-apple-darwin20/11
	/opt/homebrew/Cellar/gcc/11.2.0_3/lib/gcc/11/gcc
	/opt/homebrew/Cellar/gcc/11.2.0_3/lib/gcc/11
	/Applications/Xcode.app/Contents/Developer/Platforms/MacOSX.platform/Developer/SDKs/MacOSX11.3.sdk/usr/lib
Framework search paths:
	/Applications/Xcode.app/Contents/Developer/Platforms/MacOSX.platform/Developer/SDKs/MacOSX11.3.sdk/System/Library/Frameworks/



Parsed C implicit include dir info from above output: rv=done
  found start of include info
  found start of implicit include info
    add: [/opt/homebrew/Cellar/gcc/11.2.0_3/bin/../lib/gcc/11/gcc/aarch64-apple-darwin20/11/include]
    add: [/opt/homebrew/Cellar/gcc/11.2.0_3/bin/../lib/gcc/11/gcc/aarch64-apple-darwin20/11/include-fixed]
    add: [/Applications/Xcode.app/Contents/Developer/Platforms/MacOSX.platform/Developer/SDKs/MacOSX11.3.sdk/usr/include]
    add: [/Applications/Xcode.app/Contents/Developer/Platforms/MacOSX.platform/Developer/SDKs/MacOSX11.3.sdk/System/Library/Frameworks]
  end of search list found
  collapse include dir [/opt/homebrew/Cellar/gcc/11.2.0_3/bin/../lib/gcc/11/gcc/aarch64-apple-darwin20/11/include] ==> [/opt/homebrew/Cellar/gcc/11.2.0_3/lib/gcc/11/gcc/aarch64-apple-darwin20/11/include]
  collapse include dir [/opt/homebrew/Cellar/gcc/11.2.0_3/bin/../lib/gcc/11/gcc/aarch64-apple-darwin20/11/include-fixed] ==> [/opt/homebrew/Cellar/gcc/11.2.0_3/lib/gcc/11/gcc/aarch64-apple-darwin20/11/include-fixed]
  collapse include dir [/Applications/Xcode.app/Contents/Developer/Platforms/MacOSX.platform/Developer/SDKs/MacOSX11.3.sdk/usr/include] ==> [/Applications/Xcode.app/Contents/Developer/Platforms/MacOSX.platform/Developer/SDKs/MacOSX11.3.sdk/usr/include]
  collapse include dir [/Applications/Xcode.app/Contents/Developer/Platforms/MacOSX.platform/Developer/SDKs/MacOSX11.3.sdk/System/Library/Frameworks] ==> [/Applications/Xcode.app/Contents/Developer/Platforms/MacOSX.platform/Developer/SDKs/MacOSX11.3.sdk/System/Library/Frameworks]
  implicit include dirs: [/opt/homebrew/Cellar/gcc/11.2.0_3/lib/gcc/11/gcc/aarch64-apple-darwin20/11/include;/opt/homebrew/Cellar/gcc/11.2.0_3/lib/gcc/11/gcc/aarch64-apple-darwin20/11/include-fixed;/Applications/Xcode.app/Contents/Developer/Platforms/MacOSX.platform/Developer/SDKs/MacOSX11.3.sdk/usr/include;/Applications/Xcode.app/Contents/Developer/Platforms/MacOSX.platform/Developer/SDKs/MacOSX11.3.sdk/System/Library/Frameworks]


Parsed C implicit link information from above output:
  link line regex: [^( *|.*[/\])(ld|CMAKE_LINK_STARTFILE-NOTFOUND|([^/\]+-)?ld|collect2)[^/\]*( |$)]
  ignore line: [Change Dir: /Users/victorefrim/Documents/facial-recognition/build/CMakeFiles/CMakeTmp]
  ignore line: []
  ignore line: [Run Build Command(s):/usr/bin/make -f Makefile cmTC_3d361/fast && /Applications/Xcode.app/Contents/Developer/usr/bin/make  -f CMakeFiles/cmTC_3d361.dir/build.make CMakeFiles/cmTC_3d361.dir/build]
  ignore line: [Building C object CMakeFiles/cmTC_3d361.dir/CMakeCCompilerABI.c.o]
  ignore line: [/opt/homebrew/bin/gcc-11   -arch x86_64 -isysroot /Applications/Xcode.app/Contents/Developer/Platforms/MacOSX.platform/Developer/SDKs/MacOSX11.3.sdk -mmacosx-version-min=11.1   -v -Wl -v -o CMakeFiles/cmTC_3d361.dir/CMakeCCompilerABI.c.o -c /opt/homebrew/Cellar/cmake/3.21.3_1/share/cmake/Modules/CMakeCCompilerABI.c]
  ignore line: [gcc-11: warning: this compiler does not support X86 (arch flags ignored)]
  ignore line: [Using built-in specs.]
  ignore line: [COLLECT_GCC=/opt/homebrew/bin/gcc-11]
  ignore line: [Target: aarch64-apple-darwin20]
  ignore line: [Configured with: ../configure --prefix=/opt/homebrew/opt/gcc --libdir=/opt/homebrew/opt/gcc/lib/gcc/11 --disable-nls --enable-checking=release --with-gcc-major-version-only --enable-languages=c c++ objc obj-c++ fortran --program-suffix=-11 --with-gmp=/opt/homebrew/opt/gmp --with-mpfr=/opt/homebrew/opt/mpfr --with-mpc=/opt/homebrew/opt/libmpc --with-isl=/opt/homebrew/opt/isl --with-zstd=/opt/homebrew/opt/zstd --with-pkgversion='Homebrew GCC 11.2.0_3' --with-bugurl=https://github.com/Homebrew/homebrew-core/issues --build=aarch64-apple-darwin20 --with-system-zlib --with-native-system-header-dir=/usr/include --with-sysroot=/Library/Developer/CommandLineTools/SDKs/MacOSX11.sdk]
  ignore line: [Thread model: posix]
  ignore line: [Supported LTO compression algorithms: zlib zstd]
  ignore line: [gcc version 11.2.0 (Homebrew GCC 11.2.0_3) ]
  ignore line: [COLLECT_GCC_OPTIONS='-isysroot' '/Applications/Xcode.app/Contents/Developer/Platforms/MacOSX.platform/Developer/SDKs/MacOSX11.3.sdk' '-v' '-o' 'CMakeFiles/cmTC_3d361.dir/CMakeCCompilerABI.c.o' '-c' '-mmacosx-version-min=11.1' '-asm_macosx_version_min=11.1' '-mlittle-endian' '-mabi=lp64' '-dumpdir' 'CMakeFiles/cmTC_3d361.dir/']
  ignore line: [ /opt/homebrew/Cellar/gcc/11.2.0_3/bin/../libexec/gcc/aarch64-apple-darwin20/11/cc1 -quiet -v -iprefix /opt/homebrew/Cellar/gcc/11.2.0_3/bin/../lib/gcc/11/gcc/aarch64-apple-darwin20/11/ -D__DYNAMIC__ -isysroot /Applications/Xcode.app/Contents/Developer/Platforms/MacOSX.platform/Developer/SDKs/MacOSX11.3.sdk /opt/homebrew/Cellar/cmake/3.21.3_1/share/cmake/Modules/CMakeCCompilerABI.c -fPIC -quiet -dumpdir CMakeFiles/cmTC_3d361.dir/ -dumpbase CMakeCCompilerABI.c.c -dumpbase-ext .c -mmacosx-version-min=11.1 -mlittle-endian -mabi=lp64 -version -o /var/folders/02/9jwrv6b13h15rpfxc_700w6m0000gn/T//cci4Nsz8.s]
  ignore line: [GNU C17 (Homebrew GCC 11.2.0_3) version 11.2.0 (aarch64-apple-darwin20)]
  ignore line: [	compiled by GNU C version 11.2.0  GMP version 6.2.1  MPFR version 4.1.0  MPC version 1.2.1  isl version isl-0.24-GMP]
  ignore line: []
  ignore line: [GGC heuristics: --param ggc-min-expand=100 --param ggc-min-heapsize=131072]
  ignore line: [ignoring nonexistent directory "/opt/homebrew/Cellar/gcc/11.2.0_3/bin/../lib/gcc/11/gcc/aarch64-apple-darwin20/11/../../../../../../aarch64-apple-darwin20/include"]
  ignore line: [ignoring duplicate directory "/opt/homebrew/Cellar/gcc/11.2.0_3/bin/../lib/gcc/11/gcc/../../../../lib/gcc/11/gcc/aarch64-apple-darwin20/11/include"]
  ignore line: [ignoring nonexistent directory "/Applications/Xcode.app/Contents/Developer/Platforms/MacOSX.platform/Developer/SDKs/MacOSX11.3.sdk/usr/local/include"]
  ignore line: [ignoring duplicate directory "/opt/homebrew/Cellar/gcc/11.2.0_3/bin/../lib/gcc/11/gcc/../../../../lib/gcc/11/gcc/aarch64-apple-darwin20/11/include-fixed"]
  ignore line: [ignoring nonexistent directory "/opt/homebrew/Cellar/gcc/11.2.0_3/bin/../lib/gcc/11/gcc/../../../../lib/gcc/11/gcc/aarch64-apple-darwin20/11/../../../../../../aarch64-apple-darwin20/include"]
  ignore line: [ignoring nonexistent directory "/Applications/Xcode.app/Contents/Developer/Platforms/MacOSX.platform/Developer/SDKs/MacOSX11.3.sdk/Library/Frameworks"]
  ignore line: [#include "..." search starts here:]
  ignore line: [#include <...> search starts here:]
  ignore line: [ /opt/homebrew/Cellar/gcc/11.2.0_3/bin/../lib/gcc/11/gcc/aarch64-apple-darwin20/11/include]
  ignore line: [ /opt/homebrew/Cellar/gcc/11.2.0_3/bin/../lib/gcc/11/gcc/aarch64-apple-darwin20/11/include-fixed]
  ignore line: [ /Applications/Xcode.app/Contents/Developer/Platforms/MacOSX.platform/Developer/SDKs/MacOSX11.3.sdk/usr/include]
  ignore line: [ /Applications/Xcode.app/Contents/Developer/Platforms/MacOSX.platform/Developer/SDKs/MacOSX11.3.sdk/System/Library/Frameworks]
  ignore line: [End of search list.]
  ignore line: [GNU C17 (Homebrew GCC 11.2.0_3) version 11.2.0 (aarch64-apple-darwin20)]
  ignore line: [	compiled by GNU C version 11.2.0  GMP version 6.2.1  MPFR version 4.1.0  MPC version 1.2.1  isl version isl-0.24-GMP]
  ignore line: []
  ignore line: [GGC heuristics: --param ggc-min-expand=100 --param ggc-min-heapsize=131072]
  ignore line: [Compiler executable checksum: 56880702965dab4a8e9d0229c6511ad1]
  ignore line: [COLLECT_GCC_OPTIONS='-isysroot' '/Applications/Xcode.app/Contents/Developer/Platforms/MacOSX.platform/Developer/SDKs/MacOSX11.3.sdk' '-v' '-o' 'CMakeFiles/cmTC_3d361.dir/CMakeCCompilerABI.c.o' '-c' '-mmacosx-version-min=11.1'  '-mlittle-endian' '-mabi=lp64' '-dumpdir' 'CMakeFiles/cmTC_3d361.dir/']
  ignore line: [ as -arch arm64 -v -mmacosx-version-min=11.1 -o CMakeFiles/cmTC_3d361.dir/CMakeCCompilerABI.c.o /var/folders/02/9jwrv6b13h15rpfxc_700w6m0000gn/T//cci4Nsz8.s]
  ignore line: [Apple clang version 12.0.5 (clang-1205.0.22.11)]
  ignore line: [Target: aarch64-apple-darwin20.2.0]
  ignore line: [Thread model: posix]
  ignore line: [InstalledDir: /Applications/Xcode.app/Contents/Developer/Toolchains/XcodeDefault.xctoolchain/usr/bin]
  ignore line: [ "/Applications/Xcode.app/Contents/Developer/Toolchains/XcodeDefault.xctoolchain/usr/bin/clang" -cc1as -triple arm64-apple-macosx11.1.0 -filetype obj -main-file-name cci4Nsz8.s -target-cpu apple-a12 -target-feature +v8.3a -target-feature +fp-armv8 -target-feature +neon -target-feature +crc -target-feature +crypto -target-feature +fullfp16 -target-feature +ras -target-feature +lse -target-feature +rdm -target-feature +rcpc -target-feature +zcm -target-feature +zcz -target-feature +sha2 -target-feature +aes -fdebug-compilation-dir /Users/victorefrim/Documents/facial-recognition/build/CMakeFiles/CMakeTmp -dwarf-debug-producer "Apple clang version 12.0.5 (clang-1205.0.22.11)" -dwarf-version=4 -mrelocation-model pic -mllvm -disable-aligned-alloc-awareness=1 -o CMakeFiles/cmTC_3d361.dir/CMakeCCompilerABI.c.o /var/folders/02/9jwrv6b13h15rpfxc_700w6m0000gn/T//cci4Nsz8.s]
  ignore line: [COMPILER_PATH=/opt/homebrew/Cellar/gcc/11.2.0_3/bin/../libexec/gcc/aarch64-apple-darwin20/11/:/opt/homebrew/Cellar/gcc/11.2.0_3/bin/../libexec/gcc/]
  ignore line: [LIBRARY_PATH=/opt/homebrew/Cellar/gcc/11.2.0_3/bin/../lib/gcc/11/gcc/aarch64-apple-darwin20/11/:/opt/homebrew/Cellar/gcc/11.2.0_3/bin/../lib/gcc/11/gcc/:/opt/homebrew/Cellar/gcc/11.2.0_3/bin/../lib/gcc/11/gcc/aarch64-apple-darwin20/11/../../../]
  ignore line: [COLLECT_GCC_OPTIONS='-isysroot' '/Applications/Xcode.app/Contents/Developer/Platforms/MacOSX.platform/Developer/SDKs/MacOSX11.3.sdk' '-v' '-o' 'CMakeFiles/cmTC_3d361.dir/CMakeCCompilerABI.c.o' '-c' '-mmacosx-version-min=11.1'  '-mlittle-endian' '-mabi=lp64' '-dumpdir' 'CMakeFiles/cmTC_3d361.dir/CMakeCCompilerABI.c.']
  ignore line: [Linking C executable cmTC_3d361]
  ignore line: [/opt/homebrew/Cellar/cmake/3.21.3_1/bin/cmake -E cmake_link_script CMakeFiles/cmTC_3d361.dir/link.txt --verbose=1]
  ignore line: [/opt/homebrew/bin/gcc-11  -arch x86_64 -isysroot /Applications/Xcode.app/Contents/Developer/Platforms/MacOSX.platform/Developer/SDKs/MacOSX11.3.sdk -mmacosx-version-min=11.1 -Wl -search_paths_first -Wl -headerpad_max_install_names  -v -Wl -v CMakeFiles/cmTC_3d361.dir/CMakeCCompilerABI.c.o -o cmTC_3d361 ]
  ignore line: [gcc-11: warning: this compiler does not support X86 (arch flags ignored)]
  ignore line: [Using built-in specs.]
  ignore line: [COLLECT_GCC=/opt/homebrew/bin/gcc-11]
  ignore line: [COLLECT_LTO_WRAPPER=/opt/homebrew/Cellar/gcc/11.2.0_3/bin/../libexec/gcc/aarch64-apple-darwin20/11/lto-wrapper]
  ignore line: [Target: aarch64-apple-darwin20]
  ignore line: [Configured with: ../configure --prefix=/opt/homebrew/opt/gcc --libdir=/opt/homebrew/opt/gcc/lib/gcc/11 --disable-nls --enable-checking=release --with-gcc-major-version-only --enable-languages=c c++ objc obj-c++ fortran --program-suffix=-11 --with-gmp=/opt/homebrew/opt/gmp --with-mpfr=/opt/homebrew/opt/mpfr --with-mpc=/opt/homebrew/opt/libmpc --with-isl=/opt/homebrew/opt/isl --with-zstd=/opt/homebrew/opt/zstd --with-pkgversion='Homebrew GCC 11.2.0_3' --with-bugurl=https://github.com/Homebrew/homebrew-core/issues --build=aarch64-apple-darwin20 --with-system-zlib --with-native-system-header-dir=/usr/include --with-sysroot=/Library/Developer/CommandLineTools/SDKs/MacOSX11.sdk]
  ignore line: [Thread model: posix]
  ignore line: [Supported LTO compression algorithms: zlib zstd]
  ignore line: [gcc version 11.2.0 (Homebrew GCC 11.2.0_3) ]
  ignore line: [COMPILER_PATH=/opt/homebrew/Cellar/gcc/11.2.0_3/bin/../libexec/gcc/aarch64-apple-darwin20/11/:/opt/homebrew/Cellar/gcc/11.2.0_3/bin/../libexec/gcc/]
  ignore line: [LIBRARY_PATH=/opt/homebrew/Cellar/gcc/11.2.0_3/bin/../lib/gcc/11/gcc/aarch64-apple-darwin20/11/:/opt/homebrew/Cellar/gcc/11.2.0_3/bin/../lib/gcc/11/gcc/:/opt/homebrew/Cellar/gcc/11.2.0_3/bin/../lib/gcc/11/gcc/aarch64-apple-darwin20/11/../../../]
  ignore line: [COLLECT_GCC_OPTIONS='-isysroot' '/Applications/Xcode.app/Contents/Developer/Platforms/MacOSX.platform/Developer/SDKs/MacOSX11.3.sdk' '-v' '-o' 'cmTC_3d361' '-mmacosx-version-min=11.1' '-asm_macosx_version_min=11.1' '-mlittle-endian' '-mabi=lp64' '-dumpdir' 'cmTC_3d361.']
  link line: [ /opt/homebrew/Cellar/gcc/11.2.0_3/bin/../libexec/gcc/aarch64-apple-darwin20/11/collect2 -dynamic -arch arm64 -macosx_version_min 11.1 -syslibroot /Applications/Xcode.app/Contents/Developer/Platforms/MacOSX.platform/Developer/SDKs/MacOSX11.3.sdk -weak_reference_mismatches non-weak -o cmTC_3d361 -L/opt/homebrew/Cellar/gcc/11.2.0_3/bin/../lib/gcc/11/gcc/aarch64-apple-darwin20/11 -L/opt/homebrew/Cellar/gcc/11.2.0_3/bin/../lib/gcc/11/gcc -L/opt/homebrew/Cellar/gcc/11.2.0_3/bin/../lib/gcc/11/gcc/aarch64-apple-darwin20/11/../../.. -search_paths_first -headerpad_max_install_names -v CMakeFiles/cmTC_3d361.dir/CMakeCCompilerABI.c.o -lgcc_s.1.1 -lgcc -lSystem -lgcc -no_compact_unwind -rpath @loader_path -rpath /opt/homebrew/Cellar/gcc/11.2.0_3/bin/../lib/gcc/11/gcc/aarch64-apple-darwin20/11 -rpath /opt/homebrew/Cellar/gcc/11.2.0_3/bin/../lib/gcc/11/gcc -rpath /opt/homebrew/Cellar/gcc/11.2.0_3/bin/../lib/gcc/11/gcc/aarch64-apple-darwin20/11/../../.. -v]
    arg [/opt/homebrew/Cellar/gcc/11.2.0_3/bin/../libexec/gcc/aarch64-apple-darwin20/11/collect2] ==> ignore
    arg [-dynamic] ==> ignore
    arg [-arch] ==> ignore
    arg [arm64] ==> ignore
    arg [-macosx_version_min] ==> ignore
    arg [11.1] ==> ignore
    arg [-syslibroot] ==> ignore
    arg [/Applications/Xcode.app/Contents/Developer/Platforms/MacOSX.platform/Developer/SDKs/MacOSX11.3.sdk] ==> ignore
    arg [-weak_reference_mismatches] ==> ignore
    arg [non-weak] ==> ignore
    arg [-o] ==> ignore
    arg [cmTC_3d361] ==> ignore
    arg [-L/opt/homebrew/Cellar/gcc/11.2.0_3/bin/../lib/gcc/11/gcc/aarch64-apple-darwin20/11] ==> dir [/opt/homebrew/Cellar/gcc/11.2.0_3/bin/../lib/gcc/11/gcc/aarch64-apple-darwin20/11]
    arg [-L/opt/homebrew/Cellar/gcc/11.2.0_3/bin/../lib/gcc/11/gcc] ==> dir [/opt/homebrew/Cellar/gcc/11.2.0_3/bin/../lib/gcc/11/gcc]
    arg [-L/opt/homebrew/Cellar/gcc/11.2.0_3/bin/../lib/gcc/11/gcc/aarch64-apple-darwin20/11/../../..] ==> dir [/opt/homebrew/Cellar/gcc/11.2.0_3/bin/../lib/gcc/11/gcc/aarch64-apple-darwin20/11/../../..]
    arg [-search_paths_first] ==> ignore
    arg [-headerpad_max_install_names] ==> ignore
    arg [-v] ==> ignore
    arg [CMakeFiles/cmTC_3d361.dir/CMakeCCompilerABI.c.o] ==> ignore
    arg [-lgcc_s.1.1] ==> lib [gcc_s.1.1]
    arg [-lgcc] ==> lib [gcc]
    arg [-lSystem] ==> lib [System]
    arg [-lgcc] ==> lib [gcc]
    arg [-no_compact_unwind] ==> ignore
    arg [-rpath] ==> ignore
    arg [@loader_path] ==> ignore
    arg [-rpath] ==> ignore
    arg [/opt/homebrew/Cellar/gcc/11.2.0_3/bin/../lib/gcc/11/gcc/aarch64-apple-darwin20/11] ==> ignore
    arg [-rpath] ==> ignore
    arg [/opt/homebrew/Cellar/gcc/11.2.0_3/bin/../lib/gcc/11/gcc] ==> ignore
    arg [-rpath] ==> ignore
    arg [/opt/homebrew/Cellar/gcc/11.2.0_3/bin/../lib/gcc/11/gcc/aarch64-apple-darwin20/11/../../..] ==> ignore
    arg [-v] ==> ignore
  Library search paths: [;/opt/homebrew/Cellar/gcc/11.2.0_3/lib/gcc/11/gcc/aarch64-apple-darwin20/11;/opt/homebrew/Cellar/gcc/11.2.0_3/lib/gcc/11/gcc;/opt/homebrew/Cellar/gcc/11.2.0_3/lib/gcc/11;/Applications/Xcode.app/Contents/Developer/Platforms/MacOSX.platform/Developer/SDKs/MacOSX11.3.sdk/usr/lib]
  Framework search paths: [;/Applications/Xcode.app/Contents/Developer/Platforms/MacOSX.platform/Developer/SDKs/MacOSX11.3.sdk/System/Library/Frameworks/]
  remove lib [System]
  collapse library dir [/opt/homebrew/Cellar/gcc/11.2.0_3/bin/../lib/gcc/11/gcc/aarch64-apple-darwin20/11] ==> [/opt/homebrew/Cellar/gcc/11.2.0_3/lib/gcc/11/gcc/aarch64-apple-darwin20/11]
  collapse library dir [/opt/homebrew/Cellar/gcc/11.2.0_3/bin/../lib/gcc/11/gcc] ==> [/opt/homebrew/Cellar/gcc/11.2.0_3/lib/gcc/11/gcc]
  collapse library dir [/opt/homebrew/Cellar/gcc/11.2.0_3/bin/../lib/gcc/11/gcc/aarch64-apple-darwin20/11/../../..] ==> [/opt/homebrew/Cellar/gcc/11.2.0_3/lib/gcc/11]
  collapse library dir [/opt/homebrew/Cellar/gcc/11.2.0_3/lib/gcc/11/gcc/aarch64-apple-darwin20/11] ==> [/opt/homebrew/Cellar/gcc/11.2.0_3/lib/gcc/11/gcc/aarch64-apple-darwin20/11]
  collapse library dir [/opt/homebrew/Cellar/gcc/11.2.0_3/lib/gcc/11/gcc] ==> [/opt/homebrew/Cellar/gcc/11.2.0_3/lib/gcc/11/gcc]
  collapse library dir [/opt/homebrew/Cellar/gcc/11.2.0_3/lib/gcc/11] ==> [/opt/homebrew/Cellar/gcc/11.2.0_3/lib/gcc/11]
  collapse library dir [/Applications/Xcode.app/Contents/Developer/Platforms/MacOSX.platform/Developer/SDKs/MacOSX11.3.sdk/usr/lib] ==> [/Applications/Xcode.app/Contents/Developer/Platforms/MacOSX.platform/Developer/SDKs/MacOSX11.3.sdk/usr/lib]
  collapse framework dir [/Applications/Xcode.app/Contents/Developer/Platforms/MacOSX.platform/Developer/SDKs/MacOSX11.3.sdk/System/Library/Frameworks/] ==> [/Applications/Xcode.app/Contents/Developer/Platforms/MacOSX.platform/Developer/SDKs/MacOSX11.3.sdk/System/Library/Frameworks]
  implicit libs: [gcc_s.1.1;gcc;gcc]
  implicit objs: []
  implicit dirs: [/opt/homebrew/Cellar/gcc/11.2.0_3/lib/gcc/11/gcc/aarch64-apple-darwin20/11;/opt/homebrew/Cellar/gcc/11.2.0_3/lib/gcc/11/gcc;/opt/homebrew/Cellar/gcc/11.2.0_3/lib/gcc/11;/Applications/Xcode.app/Contents/Developer/Platforms/MacOSX.platform/Developer/SDKs/MacOSX11.3.sdk/usr/lib]
  implicit fwks: [/Applications/Xcode.app/Contents/Developer/Platforms/MacOSX.platform/Developer/SDKs/MacOSX11.3.sdk/System/Library/Frameworks]


Detecting CXX compiler ABI info compiled with the following output:
Change Dir: /Users/victorefrim/Documents/facial-recognition/build/CMakeFiles/CMakeTmp

Run Build Command(s):/usr/bin/make -f Makefile cmTC_c45e5/fast && /Applications/Xcode.app/Contents/Developer/usr/bin/make  -f CMakeFiles/cmTC_c45e5.dir/build.make CMakeFiles/cmTC_c45e5.dir/build
Building CXX object CMakeFiles/cmTC_c45e5.dir/CMakeCXXCompilerABI.cpp.o
/opt/homebrew/bin/g++-11   -arch x86_64 -isysroot /Applications/Xcode.app/Contents/Developer/Platforms/MacOSX.platform/Developer/SDKs/MacOSX11.3.sdk -mmacosx-version-min=11.1   -v -Wl,-v -o CMakeFiles/cmTC_c45e5.dir/CMakeCXXCompilerABI.cpp.o -c /opt/homebrew/Cellar/cmake/3.21.3_1/share/cmake/Modules/CMakeCXXCompilerABI.cpp
g++-11: warning: this compiler does not support X86 (arch flags ignored)
Using built-in specs.
COLLECT_GCC=/opt/homebrew/bin/g++-11
Target: aarch64-apple-darwin20
Configured with: ../configure --prefix=/opt/homebrew/opt/gcc --libdir=/opt/homebrew/opt/gcc/lib/gcc/11 --disable-nls --enable-checking=release --with-gcc-major-version-only --enable-languages=c,c++,objc,obj-c++,fortran --program-suffix=-11 --with-gmp=/opt/homebrew/opt/gmp --with-mpfr=/opt/homebrew/opt/mpfr --with-mpc=/opt/homebrew/opt/libmpc --with-isl=/opt/homebrew/opt/isl --with-zstd=/opt/homebrew/opt/zstd --with-pkgversion='Homebrew GCC 11.2.0_3' --with-bugurl=https://github.com/Homebrew/homebrew-core/issues --build=aarch64-apple-darwin20 --with-system-zlib --with-native-system-header-dir=/usr/include --with-sysroot=/Library/Developer/CommandLineTools/SDKs/MacOSX11.sdk
Thread model: posix
Supported LTO compression algorithms: zlib zstd
gcc version 11.2.0 (Homebrew GCC 11.2.0_3) 
COLLECT_GCC_OPTIONS='-isysroot' '/Applications/Xcode.app/Contents/Developer/Platforms/MacOSX.platform/Developer/SDKs/MacOSX11.3.sdk' '-v' '-o' 'CMakeFiles/cmTC_c45e5.dir/CMakeCXXCompilerABI.cpp.o' '-c' '-mmacosx-version-min=11.1' '-asm_macosx_version_min=11.1' '-mlittle-endian' '-mabi=lp64' '-dumpdir' 'CMakeFiles/cmTC_c45e5.dir/'
 /opt/homebrew/Cellar/gcc/11.2.0_3/bin/../libexec/gcc/aarch64-apple-darwin20/11/cc1plus -quiet -v -iprefix /opt/homebrew/Cellar/gcc/11.2.0_3/bin/../lib/gcc/11/gcc/aarch64-apple-darwin20/11/ -D__DYNAMIC__ -isysroot /Applications/Xcode.app/Contents/Developer/Platforms/MacOSX.platform/Developer/SDKs/MacOSX11.3.sdk /opt/homebrew/Cellar/cmake/3.21.3_1/share/cmake/Modules/CMakeCXXCompilerABI.cpp -fPIC -quiet -dumpdir CMakeFiles/cmTC_c45e5.dir/ -dumpbase CMakeCXXCompilerABI.cpp.cpp -dumpbase-ext .cpp -mmacosx-version-min=11.1 -mlittle-endian -mabi=lp64 -version -o /var/folders/02/9jwrv6b13h15rpfxc_700w6m0000gn/T//ccw6S5tp.s
GNU C++17 (Homebrew GCC 11.2.0_3) version 11.2.0 (aarch64-apple-darwin20)
	compiled by GNU C version 11.2.0, GMP version 6.2.1, MPFR version 4.1.0, MPC version 1.2.1, isl version isl-0.24-GMP

GGC heuristics: --param ggc-min-expand=100 --param ggc-min-heapsize=131072
ignoring nonexistent directory "/opt/homebrew/Cellar/gcc/11.2.0_3/bin/../lib/gcc/11/gcc/aarch64-apple-darwin20/11/../../../../../../aarch64-apple-darwin20/include"
ignoring duplicate directory "/opt/homebrew/Cellar/gcc/11.2.0_3/bin/../lib/gcc/11/gcc/../../../../lib/gcc/11/gcc/aarch64-apple-darwin20/11/../../../../../../include/c++/11"
ignoring duplicate directory "/opt/homebrew/Cellar/gcc/11.2.0_3/bin/../lib/gcc/11/gcc/../../../../lib/gcc/11/gcc/aarch64-apple-darwin20/11/../../../../../../include/c++/11/aarch64-apple-darwin20"
ignoring duplicate directory "/opt/homebrew/Cellar/gcc/11.2.0_3/bin/../lib/gcc/11/gcc/../../../../lib/gcc/11/gcc/aarch64-apple-darwin20/11/../../../../../../include/c++/11/backward"
ignoring duplicate directory "/opt/homebrew/Cellar/gcc/11.2.0_3/bin/../lib/gcc/11/gcc/../../../../lib/gcc/11/gcc/aarch64-apple-darwin20/11/include"
ignoring nonexistent directory "/Applications/Xcode.app/Contents/Developer/Platforms/MacOSX.platform/Developer/SDKs/MacOSX11.3.sdk/usr/local/include"
ignoring duplicate directory "/opt/homebrew/Cellar/gcc/11.2.0_3/bin/../lib/gcc/11/gcc/../../../../lib/gcc/11/gcc/aarch64-apple-darwin20/11/include-fixed"
ignoring nonexistent directory "/opt/homebrew/Cellar/gcc/11.2.0_3/bin/../lib/gcc/11/gcc/../../../../lib/gcc/11/gcc/aarch64-apple-darwin20/11/../../../../../../aarch64-apple-darwin20/include"
ignoring nonexistent directory "/Applications/Xcode.app/Contents/Developer/Platforms/MacOSX.platform/Developer/SDKs/MacOSX11.3.sdk/Library/Frameworks"
#include "..." search starts here:
#include <...> search starts here:
 /opt/homebrew/Cellar/gcc/11.2.0_3/bin/../lib/gcc/11/gcc/aarch64-apple-darwin20/11/../../../../../../include/c++/11
 /opt/homebrew/Cellar/gcc/11.2.0_3/bin/../lib/gcc/11/gcc/aarch64-apple-darwin20/11/../../../../../../include/c++/11/aarch64-apple-darwin20
 /opt/homebrew/Cellar/gcc/11.2.0_3/bin/../lib/gcc/11/gcc/aarch64-apple-darwin20/11/../../../../../../include/c++/11/backward
 /opt/homebrew/Cellar/gcc/11.2.0_3/bin/../lib/gcc/11/gcc/aarch64-apple-darwin20/11/include
 /opt/homebrew/Cellar/gcc/11.2.0_3/bin/../lib/gcc/11/gcc/aarch64-apple-darwin20/11/include-fixed
 /Applications/Xcode.app/Contents/Developer/Platforms/MacOSX.platform/Developer/SDKs/MacOSX11.3.sdk/usr/include
 /Applications/Xcode.app/Contents/Developer/Platforms/MacOSX.platform/Developer/SDKs/MacOSX11.3.sdk/System/Library/Frameworks
End of search list.
GNU C++17 (Homebrew GCC 11.2.0_3) version 11.2.0 (aarch64-apple-darwin20)
	compiled by GNU C version 11.2.0, GMP version 6.2.1, MPFR version 4.1.0, MPC version 1.2.1, isl version isl-0.24-GMP

GGC heuristics: --param ggc-min-expand=100 --param ggc-min-heapsize=131072
Compiler executable checksum: 1c9c6f9b64b90d7cd24b026a47c4ba55
COLLECT_GCC_OPTIONS='-isysroot' '/Applications/Xcode.app/Contents/Developer/Platforms/MacOSX.platform/Developer/SDKs/MacOSX11.3.sdk' '-v' '-o' 'CMakeFiles/cmTC_c45e5.dir/CMakeCXXCompilerABI.cpp.o' '-c' '-mmacosx-version-min=11.1'  '-mlittle-endian' '-mabi=lp64' '-dumpdir' 'CMakeFiles/cmTC_c45e5.dir/'
 as -arch arm64 -v -mmacosx-version-min=11.1 -o CMakeFiles/cmTC_c45e5.dir/CMakeCXXCompilerABI.cpp.o /var/folders/02/9jwrv6b13h15rpfxc_700w6m0000gn/T//ccw6S5tp.s
Apple clang version 12.0.5 (clang-1205.0.22.11)
Target: aarch64-apple-darwin20.2.0
Thread model: posix
InstalledDir: /Applications/Xcode.app/Contents/Developer/Toolchains/XcodeDefault.xctoolchain/usr/bin
 "/Applications/Xcode.app/Contents/Developer/Toolchains/XcodeDefault.xctoolchain/usr/bin/clang" -cc1as -triple arm64-apple-macosx11.1.0 -filetype obj -main-file-name ccw6S5tp.s -target-cpu apple-a12 -target-feature +v8.3a -target-feature +fp-armv8 -target-feature +neon -target-feature +crc -target-feature +crypto -target-feature +fullfp16 -target-feature +ras -target-feature +lse -target-feature +rdm -target-feature +rcpc -target-feature +zcm -target-feature +zcz -target-feature +sha2 -target-feature +aes -fdebug-compilation-dir /Users/victorefrim/Documents/facial-recognition/build/CMakeFiles/CMakeTmp -dwarf-debug-producer "Apple clang version 12.0.5 (clang-1205.0.22.11)" -dwarf-version=4 -mrelocation-model pic -mllvm -disable-aligned-alloc-awareness=1 -o CMakeFiles/cmTC_c45e5.dir/CMakeCXXCompilerABI.cpp.o /var/folders/02/9jwrv6b13h15rpfxc_700w6m0000gn/T//ccw6S5tp.s
COMPILER_PATH=/opt/homebrew/Cellar/gcc/11.2.0_3/bin/../libexec/gcc/aarch64-apple-darwin20/11/:/opt/homebrew/Cellar/gcc/11.2.0_3/bin/../libexec/gcc/
LIBRARY_PATH=/opt/homebrew/Cellar/gcc/11.2.0_3/bin/../lib/gcc/11/gcc/aarch64-apple-darwin20/11/:/opt/homebrew/Cellar/gcc/11.2.0_3/bin/../lib/gcc/11/gcc/:/opt/homebrew/Cellar/gcc/11.2.0_3/bin/../lib/gcc/11/gcc/aarch64-apple-darwin20/11/../../../
COLLECT_GCC_OPTIONS='-isysroot' '/Applications/Xcode.app/Contents/Developer/Platforms/MacOSX.platform/Developer/SDKs/MacOSX11.3.sdk' '-v' '-o' 'CMakeFiles/cmTC_c45e5.dir/CMakeCXXCompilerABI.cpp.o' '-c' '-mmacosx-version-min=11.1'  '-mlittle-endian' '-mabi=lp64' '-dumpdir' 'CMakeFiles/cmTC_c45e5.dir/CMakeCXXCompilerABI.cpp.'
Linking CXX executable cmTC_c45e5
/opt/homebrew/Cellar/cmake/3.21.3_1/bin/cmake -E cmake_link_script CMakeFiles/cmTC_c45e5.dir/link.txt --verbose=1
/opt/homebrew/bin/g++-11  -arch x86_64 -isysroot /Applications/Xcode.app/Contents/Developer/Platforms/MacOSX.platform/Developer/SDKs/MacOSX11.3.sdk -mmacosx-version-min=11.1 -Wl,-search_paths_first -Wl,-headerpad_max_install_names  -v -Wl,-v CMakeFiles/cmTC_c45e5.dir/CMakeCXXCompilerABI.cpp.o -o cmTC_c45e5 
g++-11: warning: this compiler does not support X86 (arch flags ignored)
Using built-in specs.
COLLECT_GCC=/opt/homebrew/bin/g++-11
COLLECT_LTO_WRAPPER=/opt/homebrew/Cellar/gcc/11.2.0_3/bin/../libexec/gcc/aarch64-apple-darwin20/11/lto-wrapper
Target: aarch64-apple-darwin20
Configured with: ../configure --prefix=/opt/homebrew/opt/gcc --libdir=/opt/homebrew/opt/gcc/lib/gcc/11 --disable-nls --enable-checking=release --with-gcc-major-version-only --enable-languages=c,c++,objc,obj-c++,fortran --program-suffix=-11 --with-gmp=/opt/homebrew/opt/gmp --with-mpfr=/opt/homebrew/opt/mpfr --with-mpc=/opt/homebrew/opt/libmpc --with-isl=/opt/homebrew/opt/isl --with-zstd=/opt/homebrew/opt/zstd --with-pkgversion='Homebrew GCC 11.2.0_3' --with-bugurl=https://github.com/Homebrew/homebrew-core/issues --build=aarch64-apple-darwin20 --with-system-zlib --with-native-system-header-dir=/usr/include --with-sysroot=/Library/Developer/CommandLineTools/SDKs/MacOSX11.sdk
Thread model: posix
Supported LTO compression algorithms: zlib zstd
gcc version 11.2.0 (Homebrew GCC 11.2.0_3) 
COMPILER_PATH=/opt/homebrew/Cellar/gcc/11.2.0_3/bin/../libexec/gcc/aarch64-apple-darwin20/11/:/opt/homebrew/Cellar/gcc/11.2.0_3/bin/../libexec/gcc/
LIBRARY_PATH=/opt/homebrew/Cellar/gcc/11.2.0_3/bin/../lib/gcc/11/gcc/aarch64-apple-darwin20/11/:/opt/homebrew/Cellar/gcc/11.2.0_3/bin/../lib/gcc/11/gcc/:/opt/homebrew/Cellar/gcc/11.2.0_3/bin/../lib/gcc/11/gcc/aarch64-apple-darwin20/11/../../../
COLLECT_GCC_OPTIONS='-isysroot' '/Applications/Xcode.app/Contents/Developer/Platforms/MacOSX.platform/Developer/SDKs/MacOSX11.3.sdk' '-v' '-o' 'cmTC_c45e5' '-mmacosx-version-min=11.1' '-asm_macosx_version_min=11.1' '-mlittle-endian' '-mabi=lp64' '-dumpdir' 'cmTC_c45e5.'
 /opt/homebrew/Cellar/gcc/11.2.0_3/bin/../libexec/gcc/aarch64-apple-darwin20/11/collect2 -dynamic -arch arm64 -macosx_version_min 11.1 -syslibroot /Applications/Xcode.app/Contents/Developer/Platforms/MacOSX.platform/Developer/SDKs/MacOSX11.3.sdk -weak_reference_mismatches non-weak -o cmTC_c45e5 -L/opt/homebrew/Cellar/gcc/11.2.0_3/bin/../lib/gcc/11/gcc/aarch64-apple-darwin20/11 -L/opt/homebrew/Cellar/gcc/11.2.0_3/bin/../lib/gcc/11/gcc -L/opt/homebrew/Cellar/gcc/11.2.0_3/bin/../lib/gcc/11/gcc/aarch64-apple-darwin20/11/../../.. -search_paths_first -headerpad_max_install_names -v CMakeFiles/cmTC_c45e5.dir/CMakeCXXCompilerABI.cpp.o -lstdc++ -lgcc_s.1.1 -lgcc -lSystem -lgcc -no_compact_unwind -rpath @loader_path -rpath /opt/homebrew/Cellar/gcc/11.2.0_3/bin/../lib/gcc/11/gcc/aarch64-apple-darwin20/11 -rpath /opt/homebrew/Cellar/gcc/11.2.0_3/bin/../lib/gcc/11/gcc -rpath /opt/homebrew/Cellar/gcc/11.2.0_3/bin/../lib/gcc/11/gcc/aarch64-apple-darwin20/11/../../.. -v
collect2 version 11.2.0
/usr/bin/ld -dynamic -arch arm64 -macosx_version_min 11.1 -syslibroot /Applications/Xcode.app/Contents/Developer/Platforms/MacOSX.platform/Developer/SDKs/MacOSX11.3.sdk -weak_reference_mismatches non-weak -o cmTC_c45e5 -L/opt/homebrew/Cellar/gcc/11.2.0_3/bin/../lib/gcc/11/gcc/aarch64-apple-darwin20/11 -L/opt/homebrew/Cellar/gcc/11.2.0_3/bin/../lib/gcc/11/gcc -L/opt/homebrew/Cellar/gcc/11.2.0_3/bin/../lib/gcc/11/gcc/aarch64-apple-darwin20/11/../../.. -search_paths_first -headerpad_max_install_names -v CMakeFiles/cmTC_c45e5.dir/CMakeCXXCompilerABI.cpp.o -lstdc++ -lgcc_s.1.1 -lgcc -lSystem -lgcc -no_compact_unwind -rpath @loader_path -rpath /opt/homebrew/Cellar/gcc/11.2.0_3/bin/../lib/gcc/11/gcc/aarch64-apple-darwin20/11 -rpath /opt/homebrew/Cellar/gcc/11.2.0_3/bin/../lib/gcc/11/gcc -rpath /opt/homebrew/Cellar/gcc/11.2.0_3/bin/../lib/gcc/11/gcc/aarch64-apple-darwin20/11/../../.. -v
@(#)PROGRAM:ld  PROJECT:ld64-650.9
BUILD 13:09:02 May 28 2021
configured to support archs: armv6 armv7 armv7s arm64 arm64e arm64_32 i386 x86_64 x86_64h armv6m armv7k armv7m armv7em
@(#)PROGRAM:ld  PROJECT:ld64-650.9
BUILD 13:09:02 May 28 2021
configured to support archs: armv6 armv7 armv7s arm64 arm64e arm64_32 i386 x86_64 x86_64h armv6m armv7k armv7m armv7em
Library search paths:
	/opt/homebrew/Cellar/gcc/11.2.0_3/lib/gcc/11/gcc/aarch64-apple-darwin20/11
	/opt/homebrew/Cellar/gcc/11.2.0_3/lib/gcc/11/gcc
	/opt/homebrew/Cellar/gcc/11.2.0_3/lib/gcc/11
	/Applications/Xcode.app/Contents/Developer/Platforms/MacOSX.platform/Developer/SDKs/MacOSX11.3.sdk/usr/lib
Framework search paths:
	/Applications/Xcode.app/Contents/Developer/Platforms/MacOSX.platform/Developer/SDKs/MacOSX11.3.sdk/System/Library/Frameworks/
ld: warning: dylib (/opt/homebrew/Cellar/gcc/11.2.0_3/lib/gcc/11/libstdc++.dylib) was built for newer macOS version (11.5) than being linked (11.1)



Parsed CXX implicit include dir info from above output: rv=done
  found start of include info
  found start of implicit include info
    add: [/opt/homebrew/Cellar/gcc/11.2.0_3/bin/../lib/gcc/11/gcc/aarch64-apple-darwin20/11/../../../../../../include/c++/11]
    add: [/opt/homebrew/Cellar/gcc/11.2.0_3/bin/../lib/gcc/11/gcc/aarch64-apple-darwin20/11/../../../../../../include/c++/11/aarch64-apple-darwin20]
    add: [/opt/homebrew/Cellar/gcc/11.2.0_3/bin/../lib/gcc/11/gcc/aarch64-apple-darwin20/11/../../../../../../include/c++/11/backward]
    add: [/opt/homebrew/Cellar/gcc/11.2.0_3/bin/../lib/gcc/11/gcc/aarch64-apple-darwin20/11/include]
    add: [/opt/homebrew/Cellar/gcc/11.2.0_3/bin/../lib/gcc/11/gcc/aarch64-apple-darwin20/11/include-fixed]
    add: [/Applications/Xcode.app/Contents/Developer/Platforms/MacOSX.platform/Developer/SDKs/MacOSX11.3.sdk/usr/include]
    add: [/Applications/Xcode.app/Contents/Developer/Platforms/MacOSX.platform/Developer/SDKs/MacOSX11.3.sdk/System/Library/Frameworks]
  end of search list found
  collapse include dir [/opt/homebrew/Cellar/gcc/11.2.0_3/bin/../lib/gcc/11/gcc/aarch64-apple-darwin20/11/../../../../../../include/c++/11] ==> [/opt/homebrew/Cellar/gcc/11.2.0_3/include/c++/11]
  collapse include dir [/opt/homebrew/Cellar/gcc/11.2.0_3/bin/../lib/gcc/11/gcc/aarch64-apple-darwin20/11/../../../../../../include/c++/11/aarch64-apple-darwin20] ==> [/opt/homebrew/Cellar/gcc/11.2.0_3/include/c++/11/aarch64-apple-darwin20]
  collapse include dir [/opt/homebrew/Cellar/gcc/11.2.0_3/bin/../lib/gcc/11/gcc/aarch64-apple-darwin20/11/../../../../../../include/c++/11/backward] ==> [/opt/homebrew/Cellar/gcc/11.2.0_3/include/c++/11/backward]
  collapse include dir [/opt/homebrew/Cellar/gcc/11.2.0_3/bin/../lib/gcc/11/gcc/aarch64-apple-darwin20/11/include] ==> [/opt/homebrew/Cellar/gcc/11.2.0_3/lib/gcc/11/gcc/aarch64-apple-darwin20/11/include]
  collapse include dir [/opt/homebrew/Cellar/gcc/11.2.0_3/bin/../lib/gcc/11/gcc/aarch64-apple-darwin20/11/include-fixed] ==> [/opt/homebrew/Cellar/gcc/11.2.0_3/lib/gcc/11/gcc/aarch64-apple-darwin20/11/include-fixed]
  collapse include dir [/Applications/Xcode.app/Contents/Developer/Platforms/MacOSX.platform/Developer/SDKs/MacOSX11.3.sdk/usr/include] ==> [/Applications/Xcode.app/Contents/Developer/Platforms/MacOSX.platform/Developer/SDKs/MacOSX11.3.sdk/usr/include]
  collapse include dir [/Applications/Xcode.app/Contents/Developer/Platforms/MacOSX.platform/Developer/SDKs/MacOSX11.3.sdk/System/Library/Frameworks] ==> [/Applications/Xcode.app/Contents/Developer/Platforms/MacOSX.platform/Developer/SDKs/MacOSX11.3.sdk/System/Library/Frameworks]
  implicit include dirs: [/opt/homebrew/Cellar/gcc/11.2.0_3/include/c++/11;/opt/homebrew/Cellar/gcc/11.2.0_3/include/c++/11/aarch64-apple-darwin20;/opt/homebrew/Cellar/gcc/11.2.0_3/include/c++/11/backward;/opt/homebrew/Cellar/gcc/11.2.0_3/lib/gcc/11/gcc/aarch64-apple-darwin20/11/include;/opt/homebrew/Cellar/gcc/11.2.0_3/lib/gcc/11/gcc/aarch64-apple-darwin20/11/include-fixed;/Applications/Xcode.app/Contents/Developer/Platforms/MacOSX.platform/Developer/SDKs/MacOSX11.3.sdk/usr/include;/Applications/Xcode.app/Contents/Developer/Platforms/MacOSX.platform/Developer/SDKs/MacOSX11.3.sdk/System/Library/Frameworks]


Parsed CXX implicit link information from above output:
  link line regex: [^( *|.*[/\])(ld|CMAKE_LINK_STARTFILE-NOTFOUND|([^/\]+-)?ld|collect2)[^/\]*( |$)]
  ignore line: [Change Dir: /Users/victorefrim/Documents/facial-recognition/build/CMakeFiles/CMakeTmp]
  ignore line: []
  ignore line: [Run Build Command(s):/usr/bin/make -f Makefile cmTC_c45e5/fast && /Applications/Xcode.app/Contents/Developer/usr/bin/make  -f CMakeFiles/cmTC_c45e5.dir/build.make CMakeFiles/cmTC_c45e5.dir/build]
  ignore line: [Building CXX object CMakeFiles/cmTC_c45e5.dir/CMakeCXXCompilerABI.cpp.o]
  ignore line: [/opt/homebrew/bin/g++-11   -arch x86_64 -isysroot /Applications/Xcode.app/Contents/Developer/Platforms/MacOSX.platform/Developer/SDKs/MacOSX11.3.sdk -mmacosx-version-min=11.1   -v -Wl -v -o CMakeFiles/cmTC_c45e5.dir/CMakeCXXCompilerABI.cpp.o -c /opt/homebrew/Cellar/cmake/3.21.3_1/share/cmake/Modules/CMakeCXXCompilerABI.cpp]
  ignore line: [g++-11: warning: this compiler does not support X86 (arch flags ignored)]
  ignore line: [Using built-in specs.]
  ignore line: [COLLECT_GCC=/opt/homebrew/bin/g++-11]
  ignore line: [Target: aarch64-apple-darwin20]
  ignore line: [Configured with: ../configure --prefix=/opt/homebrew/opt/gcc --libdir=/opt/homebrew/opt/gcc/lib/gcc/11 --disable-nls --enable-checking=release --with-gcc-major-version-only --enable-languages=c c++ objc obj-c++ fortran --program-suffix=-11 --with-gmp=/opt/homebrew/opt/gmp --with-mpfr=/opt/homebrew/opt/mpfr --with-mpc=/opt/homebrew/opt/libmpc --with-isl=/opt/homebrew/opt/isl --with-zstd=/opt/homebrew/opt/zstd --with-pkgversion='Homebrew GCC 11.2.0_3' --with-bugurl=https://github.com/Homebrew/homebrew-core/issues --build=aarch64-apple-darwin20 --with-system-zlib --with-native-system-header-dir=/usr/include --with-sysroot=/Library/Developer/CommandLineTools/SDKs/MacOSX11.sdk]
  ignore line: [Thread model: posix]
  ignore line: [Supported LTO compression algorithms: zlib zstd]
  ignore line: [gcc version 11.2.0 (Homebrew GCC 11.2.0_3) ]
  ignore line: [COLLECT_GCC_OPTIONS='-isysroot' '/Applications/Xcode.app/Contents/Developer/Platforms/MacOSX.platform/Developer/SDKs/MacOSX11.3.sdk' '-v' '-o' 'CMakeFiles/cmTC_c45e5.dir/CMakeCXXCompilerABI.cpp.o' '-c' '-mmacosx-version-min=11.1' '-asm_macosx_version_min=11.1' '-mlittle-endian' '-mabi=lp64' '-dumpdir' 'CMakeFiles/cmTC_c45e5.dir/']
  ignore line: [ /opt/homebrew/Cellar/gcc/11.2.0_3/bin/../libexec/gcc/aarch64-apple-darwin20/11/cc1plus -quiet -v -iprefix /opt/homebrew/Cellar/gcc/11.2.0_3/bin/../lib/gcc/11/gcc/aarch64-apple-darwin20/11/ -D__DYNAMIC__ -isysroot /Applications/Xcode.app/Contents/Developer/Platforms/MacOSX.platform/Developer/SDKs/MacOSX11.3.sdk /opt/homebrew/Cellar/cmake/3.21.3_1/share/cmake/Modules/CMakeCXXCompilerABI.cpp -fPIC -quiet -dumpdir CMakeFiles/cmTC_c45e5.dir/ -dumpbase CMakeCXXCompilerABI.cpp.cpp -dumpbase-ext .cpp -mmacosx-version-min=11.1 -mlittle-endian -mabi=lp64 -version -o /var/folders/02/9jwrv6b13h15rpfxc_700w6m0000gn/T//ccw6S5tp.s]
  ignore line: [GNU C++17 (Homebrew GCC 11.2.0_3) version 11.2.0 (aarch64-apple-darwin20)]
  ignore line: [	compiled by GNU C version 11.2.0  GMP version 6.2.1  MPFR version 4.1.0  MPC version 1.2.1  isl version isl-0.24-GMP]
  ignore line: []
  ignore line: [GGC heuristics: --param ggc-min-expand=100 --param ggc-min-heapsize=131072]
  ignore line: [ignoring nonexistent directory "/opt/homebrew/Cellar/gcc/11.2.0_3/bin/../lib/gcc/11/gcc/aarch64-apple-darwin20/11/../../../../../../aarch64-apple-darwin20/include"]
  ignore line: [ignoring duplicate directory "/opt/homebrew/Cellar/gcc/11.2.0_3/bin/../lib/gcc/11/gcc/../../../../lib/gcc/11/gcc/aarch64-apple-darwin20/11/../../../../../../include/c++/11"]
  ignore line: [ignoring duplicate directory "/opt/homebrew/Cellar/gcc/11.2.0_3/bin/../lib/gcc/11/gcc/../../../../lib/gcc/11/gcc/aarch64-apple-darwin20/11/../../../../../../include/c++/11/aarch64-apple-darwin20"]
  ignore line: [ignoring duplicate directory "/opt/homebrew/Cellar/gcc/11.2.0_3/bin/../lib/gcc/11/gcc/../../../../lib/gcc/11/gcc/aarch64-apple-darwin20/11/../../../../../../include/c++/11/backward"]
  ignore line: [ignoring duplicate directory "/opt/homebrew/Cellar/gcc/11.2.0_3/bin/../lib/gcc/11/gcc/../../../../lib/gcc/11/gcc/aarch64-apple-darwin20/11/include"]
  ignore line: [ignoring nonexistent directory "/Applications/Xcode.app/Contents/Developer/Platforms/MacOSX.platform/Developer/SDKs/MacOSX11.3.sdk/usr/local/include"]
  ignore line: [ignoring duplicate directory "/opt/homebrew/Cellar/gcc/11.2.0_3/bin/../lib/gcc/11/gcc/../../../../lib/gcc/11/gcc/aarch64-apple-darwin20/11/include-fixed"]
  ignore line: [ignoring nonexistent directory "/opt/homebrew/Cellar/gcc/11.2.0_3/bin/../lib/gcc/11/gcc/../../../../lib/gcc/11/gcc/aarch64-apple-darwin20/11/../../../../../../aarch64-apple-darwin20/include"]
  ignore line: [ignoring nonexistent directory "/Applications/Xcode.app/Contents/Developer/Platforms/MacOSX.platform/Developer/SDKs/MacOSX11.3.sdk/Library/Frameworks"]
  ignore line: [#include "..." search starts here:]
  ignore line: [#include <...> search starts here:]
  ignore line: [ /opt/homebrew/Cellar/gcc/11.2.0_3/bin/../lib/gcc/11/gcc/aarch64-apple-darwin20/11/../../../../../../include/c++/11]
  ignore line: [ /opt/homebrew/Cellar/gcc/11.2.0_3/bin/../lib/gcc/11/gcc/aarch64-apple-darwin20/11/../../../../../../include/c++/11/aarch64-apple-darwin20]
  ignore line: [ /opt/homebrew/Cellar/gcc/11.2.0_3/bin/../lib/gcc/11/gcc/aarch64-apple-darwin20/11/../../../../../../include/c++/11/backward]
  ignore line: [ /opt/homebrew/Cellar/gcc/11.2.0_3/bin/../lib/gcc/11/gcc/aarch64-apple-darwin20/11/include]
  ignore line: [ /opt/homebrew/Cellar/gcc/11.2.0_3/bin/../lib/gcc/11/gcc/aarch64-apple-darwin20/11/include-fixed]
  ignore line: [ /Applications/Xcode.app/Contents/Developer/Platforms/MacOSX.platform/Developer/SDKs/MacOSX11.3.sdk/usr/include]
  ignore line: [ /Applications/Xcode.app/Contents/Developer/Platforms/MacOSX.platform/Developer/SDKs/MacOSX11.3.sdk/System/Library/Frameworks]
  ignore line: [End of search list.]
  ignore line: [GNU C++17 (Homebrew GCC 11.2.0_3) version 11.2.0 (aarch64-apple-darwin20)]
  ignore line: [	compiled by GNU C version 11.2.0  GMP version 6.2.1  MPFR version 4.1.0  MPC version 1.2.1  isl version isl-0.24-GMP]
  ignore line: []
  ignore line: [GGC heuristics: --param ggc-min-expand=100 --param ggc-min-heapsize=131072]
  ignore line: [Compiler executable checksum: 1c9c6f9b64b90d7cd24b026a47c4ba55]
  ignore line: [COLLECT_GCC_OPTIONS='-isysroot' '/Applications/Xcode.app/Contents/Developer/Platforms/MacOSX.platform/Developer/SDKs/MacOSX11.3.sdk' '-v' '-o' 'CMakeFiles/cmTC_c45e5.dir/CMakeCXXCompilerABI.cpp.o' '-c' '-mmacosx-version-min=11.1'  '-mlittle-endian' '-mabi=lp64' '-dumpdir' 'CMakeFiles/cmTC_c45e5.dir/']
  ignore line: [ as -arch arm64 -v -mmacosx-version-min=11.1 -o CMakeFiles/cmTC_c45e5.dir/CMakeCXXCompilerABI.cpp.o /var/folders/02/9jwrv6b13h15rpfxc_700w6m0000gn/T//ccw6S5tp.s]
  ignore line: [Apple clang version 12.0.5 (clang-1205.0.22.11)]
  ignore line: [Target: aarch64-apple-darwin20.2.0]
  ignore line: [Thread model: posix]
  ignore line: [InstalledDir: /Applications/Xcode.app/Contents/Developer/Toolchains/XcodeDefault.xctoolchain/usr/bin]
  ignore line: [ "/Applications/Xcode.app/Contents/Developer/Toolchains/XcodeDefault.xctoolchain/usr/bin/clang" -cc1as -triple arm64-apple-macosx11.1.0 -filetype obj -main-file-name ccw6S5tp.s -target-cpu apple-a12 -target-feature +v8.3a -target-feature +fp-armv8 -target-feature +neon -target-feature +crc -target-feature +crypto -target-feature +fullfp16 -target-feature +ras -target-feature +lse -target-feature +rdm -target-feature +rcpc -target-feature +zcm -target-feature +zcz -target-feature +sha2 -target-feature +aes -fdebug-compilation-dir /Users/victorefrim/Documents/facial-recognition/build/CMakeFiles/CMakeTmp -dwarf-debug-producer "Apple clang version 12.0.5 (clang-1205.0.22.11)" -dwarf-version=4 -mrelocation-model pic -mllvm -disable-aligned-alloc-awareness=1 -o CMakeFiles/cmTC_c45e5.dir/CMakeCXXCompilerABI.cpp.o /var/folders/02/9jwrv6b13h15rpfxc_700w6m0000gn/T//ccw6S5tp.s]
  ignore line: [COMPILER_PATH=/opt/homebrew/Cellar/gcc/11.2.0_3/bin/../libexec/gcc/aarch64-apple-darwin20/11/:/opt/homebrew/Cellar/gcc/11.2.0_3/bin/../libexec/gcc/]
  ignore line: [LIBRARY_PATH=/opt/homebrew/Cellar/gcc/11.2.0_3/bin/../lib/gcc/11/gcc/aarch64-apple-darwin20/11/:/opt/homebrew/Cellar/gcc/11.2.0_3/bin/../lib/gcc/11/gcc/:/opt/homebrew/Cellar/gcc/11.2.0_3/bin/../lib/gcc/11/gcc/aarch64-apple-darwin20/11/../../../]
  ignore line: [COLLECT_GCC_OPTIONS='-isysroot' '/Applications/Xcode.app/Contents/Developer/Platforms/MacOSX.platform/Developer/SDKs/MacOSX11.3.sdk' '-v' '-o' 'CMakeFiles/cmTC_c45e5.dir/CMakeCXXCompilerABI.cpp.o' '-c' '-mmacosx-version-min=11.1'  '-mlittle-endian' '-mabi=lp64' '-dumpdir' 'CMakeFiles/cmTC_c45e5.dir/CMakeCXXCompilerABI.cpp.']
  ignore line: [Linking CXX executable cmTC_c45e5]
  ignore line: [/opt/homebrew/Cellar/cmake/3.21.3_1/bin/cmake -E cmake_link_script CMakeFiles/cmTC_c45e5.dir/link.txt --verbose=1]
  ignore line: [/opt/homebrew/bin/g++-11  -arch x86_64 -isysroot /Applications/Xcode.app/Contents/Developer/Platforms/MacOSX.platform/Developer/SDKs/MacOSX11.3.sdk -mmacosx-version-min=11.1 -Wl -search_paths_first -Wl -headerpad_max_install_names  -v -Wl -v CMakeFiles/cmTC_c45e5.dir/CMakeCXXCompilerABI.cpp.o -o cmTC_c45e5 ]
  ignore line: [g++-11: warning: this compiler does not support X86 (arch flags ignored)]
  ignore line: [Using built-in specs.]
  ignore line: [COLLECT_GCC=/opt/homebrew/bin/g++-11]
  ignore line: [COLLECT_LTO_WRAPPER=/opt/homebrew/Cellar/gcc/11.2.0_3/bin/../libexec/gcc/aarch64-apple-darwin20/11/lto-wrapper]
  ignore line: [Target: aarch64-apple-darwin20]
  ignore line: [Configured with: ../configure --prefix=/opt/homebrew/opt/gcc --libdir=/opt/homebrew/opt/gcc/lib/gcc/11 --disable-nls --enable-checking=release --with-gcc-major-version-only --enable-languages=c c++ objc obj-c++ fortran --program-suffix=-11 --with-gmp=/opt/homebrew/opt/gmp --with-mpfr=/opt/homebrew/opt/mpfr --with-mpc=/opt/homebrew/opt/libmpc --with-isl=/opt/homebrew/opt/isl --with-zstd=/opt/homebrew/opt/zstd --with-pkgversion='Homebrew GCC 11.2.0_3' --with-bugurl=https://github.com/Homebrew/homebrew-core/issues --build=aarch64-apple-darwin20 --with-system-zlib --with-native-system-header-dir=/usr/include --with-sysroot=/Library/Developer/CommandLineTools/SDKs/MacOSX11.sdk]
  ignore line: [Thread model: posix]
  ignore line: [Supported LTO compression algorithms: zlib zstd]
  ignore line: [gcc version 11.2.0 (Homebrew GCC 11.2.0_3) ]
  ignore line: [COMPILER_PATH=/opt/homebrew/Cellar/gcc/11.2.0_3/bin/../libexec/gcc/aarch64-apple-darwin20/11/:/opt/homebrew/Cellar/gcc/11.2.0_3/bin/../libexec/gcc/]
  ignore line: [LIBRARY_PATH=/opt/homebrew/Cellar/gcc/11.2.0_3/bin/../lib/gcc/11/gcc/aarch64-apple-darwin20/11/:/opt/homebrew/Cellar/gcc/11.2.0_3/bin/../lib/gcc/11/gcc/:/opt/homebrew/Cellar/gcc/11.2.0_3/bin/../lib/gcc/11/gcc/aarch64-apple-darwin20/11/../../../]
  ignore line: [COLLECT_GCC_OPTIONS='-isysroot' '/Applications/Xcode.app/Contents/Developer/Platforms/MacOSX.platform/Developer/SDKs/MacOSX11.3.sdk' '-v' '-o' 'cmTC_c45e5' '-mmacosx-version-min=11.1' '-asm_macosx_version_min=11.1' '-mlittle-endian' '-mabi=lp64' '-dumpdir' 'cmTC_c45e5.']
  link line: [ /opt/homebrew/Cellar/gcc/11.2.0_3/bin/../libexec/gcc/aarch64-apple-darwin20/11/collect2 -dynamic -arch arm64 -macosx_version_min 11.1 -syslibroot /Applications/Xcode.app/Contents/Developer/Platforms/MacOSX.platform/Developer/SDKs/MacOSX11.3.sdk -weak_reference_mismatches non-weak -o cmTC_c45e5 -L/opt/homebrew/Cellar/gcc/11.2.0_3/bin/../lib/gcc/11/gcc/aarch64-apple-darwin20/11 -L/opt/homebrew/Cellar/gcc/11.2.0_3/bin/../lib/gcc/11/gcc -L/opt/homebrew/Cellar/gcc/11.2.0_3/bin/../lib/gcc/11/gcc/aarch64-apple-darwin20/11/../../.. -search_paths_first -headerpad_max_install_names -v CMakeFiles/cmTC_c45e5.dir/CMakeCXXCompilerABI.cpp.o -lstdc++ -lgcc_s.1.1 -lgcc -lSystem -lgcc -no_compact_unwind -rpath @loader_path -rpath /opt/homebrew/Cellar/gcc/11.2.0_3/bin/../lib/gcc/11/gcc/aarch64-apple-darwin20/11 -rpath /opt/homebrew/Cellar/gcc/11.2.0_3/bin/../lib/gcc/11/gcc -rpath /opt/homebrew/Cellar/gcc/11.2.0_3/bin/../lib/gcc/11/gcc/aarch64-apple-darwin20/11/../../.. -v]
    arg [/opt/homebrew/Cellar/gcc/11.2.0_3/bin/../libexec/gcc/aarch64-apple-darwin20/11/collect2] ==> ignore
    arg [-dynamic] ==> ignore
    arg [-arch] ==> ignore
    arg [arm64] ==> ignore
    arg [-macosx_version_min] ==> ignore
    arg [11.1] ==> ignore
    arg [-syslibroot] ==> ignore
    arg [/Applications/Xcode.app/Contents/Developer/Platforms/MacOSX.platform/Developer/SDKs/MacOSX11.3.sdk] ==> ignore
    arg [-weak_reference_mismatches] ==> ignore
    arg [non-weak] ==> ignore
    arg [-o] ==> ignore
    arg [cmTC_c45e5] ==> ignore
    arg [-L/opt/homebrew/Cellar/gcc/11.2.0_3/bin/../lib/gcc/11/gcc/aarch64-apple-darwin20/11] ==> dir [/opt/homebrew/Cellar/gcc/11.2.0_3/bin/../lib/gcc/11/gcc/aarch64-apple-darwin20/11]
    arg [-L/opt/homebrew/Cellar/gcc/11.2.0_3/bin/../lib/gcc/11/gcc] ==> dir [/opt/homebrew/Cellar/gcc/11.2.0_3/bin/../lib/gcc/11/gcc]
    arg [-L/opt/homebrew/Cellar/gcc/11.2.0_3/bin/../lib/gcc/11/gcc/aarch64-apple-darwin20/11/../../..] ==> dir [/opt/homebrew/Cellar/gcc/11.2.0_3/bin/../lib/gcc/11/gcc/aarch64-apple-darwin20/11/../../..]
    arg [-search_paths_first] ==> ignore
    arg [-headerpad_max_install_names] ==> ignore
    arg [-v] ==> ignore
    arg [CMakeFiles/cmTC_c45e5.dir/CMakeCXXCompilerABI.cpp.o] ==> ignore
    arg [-lstdc++] ==> lib [stdc++]
    arg [-lgcc_s.1.1] ==> lib [gcc_s.1.1]
    arg [-lgcc] ==> lib [gcc]
    arg [-lSystem] ==> lib [System]
    arg [-lgcc] ==> lib [gcc]
    arg [-no_compact_unwind] ==> ignore
    arg [-rpath] ==> ignore
    arg [@loader_path] ==> ignore
    arg [-rpath] ==> ignore
    arg [/opt/homebrew/Cellar/gcc/11.2.0_3/bin/../lib/gcc/11/gcc/aarch64-apple-darwin20/11] ==> ignore
    arg [-rpath] ==> ignore
    arg [/opt/homebrew/Cellar/gcc/11.2.0_3/bin/../lib/gcc/11/gcc] ==> ignore
    arg [-rpath] ==> ignore
    arg [/opt/homebrew/Cellar/gcc/11.2.0_3/bin/../lib/gcc/11/gcc/aarch64-apple-darwin20/11/../../..] ==> ignore
    arg [-v] ==> ignore
  Library search paths: [;/opt/homebrew/Cellar/gcc/11.2.0_3/lib/gcc/11/gcc/aarch64-apple-darwin20/11;/opt/homebrew/Cellar/gcc/11.2.0_3/lib/gcc/11/gcc;/opt/homebrew/Cellar/gcc/11.2.0_3/lib/gcc/11;/Applications/Xcode.app/Contents/Developer/Platforms/MacOSX.platform/Developer/SDKs/MacOSX11.3.sdk/usr/lib]
  Framework search paths: [;/Applications/Xcode.app/Contents/Developer/Platforms/MacOSX.platform/Developer/SDKs/MacOSX11.3.sdk/System/Library/Frameworks/]
  remove lib [System]
  collapse library dir [/opt/homebrew/Cellar/gcc/11.2.0_3/bin/../lib/gcc/11/gcc/aarch64-apple-darwin20/11] ==> [/opt/homebrew/Cellar/gcc/11.2.0_3/lib/gcc/11/gcc/aarch64-apple-darwin20/11]
  collapse library dir [/opt/homebrew/Cellar/gcc/11.2.0_3/bin/../lib/gcc/11/gcc] ==> [/opt/homebrew/Cellar/gcc/11.2.0_3/lib/gcc/11/gcc]
  collapse library dir [/opt/homebrew/Cellar/gcc/11.2.0_3/bin/../lib/gcc/11/gcc/aarch64-apple-darwin20/11/../../..] ==> [/opt/homebrew/Cellar/gcc/11.2.0_3/lib/gcc/11]
  collapse library dir [/opt/homebrew/Cellar/gcc/11.2.0_3/lib/gcc/11/gcc/aarch64-apple-darwin20/11] ==> [/opt/homebrew/Cellar/gcc/11.2.0_3/lib/gcc/11/gcc/aarch64-apple-darwin20/11]
  collapse library dir [/opt/homebrew/Cellar/gcc/11.2.0_3/lib/gcc/11/gcc] ==> [/opt/homebrew/Cellar/gcc/11.2.0_3/lib/gcc/11/gcc]
  collapse library dir [/opt/homebrew/Cellar/gcc/11.2.0_3/lib/gcc/11] ==> [/opt/homebrew/Cellar/gcc/11.2.0_3/lib/gcc/11]
  collapse library dir [/Applications/Xcode.app/Contents/Developer/Platforms/MacOSX.platform/Developer/SDKs/MacOSX11.3.sdk/usr/lib] ==> [/Applications/Xcode.app/Contents/Developer/Platforms/MacOSX.platform/Developer/SDKs/MacOSX11.3.sdk/usr/lib]
  collapse framework dir [/Applications/Xcode.app/Contents/Developer/Platforms/MacOSX.platform/Developer/SDKs/MacOSX11.3.sdk/System/Library/Frameworks/] ==> [/Applications/Xcode.app/Contents/Developer/Platforms/MacOSX.platform/Developer/SDKs/MacOSX11.3.sdk/System/Library/Frameworks]
  implicit libs: [stdc++;gcc_s.1.1;gcc;gcc]
  implicit objs: []
  implicit dirs: [/opt/homebrew/Cellar/gcc/11.2.0_3/lib/gcc/11/gcc/aarch64-apple-darwin20/11;/opt/homebrew/Cellar/gcc/11.2.0_3/lib/gcc/11/gcc;/opt/homebrew/Cellar/gcc/11.2.0_3/lib/gcc/11;/Applications/Xcode.app/Contents/Developer/Platforms/MacOSX.platform/Developer/SDKs/MacOSX11.3.sdk/usr/lib]
  implicit fwks: [/Applications/Xcode.app/Contents/Developer/Platforms/MacOSX.platform/Developer/SDKs/MacOSX11.3.sdk/System/Library/Frameworks]


